<?xml version="1.0" encoding="UTF-8"?>
<!-- Generated by org.testng.reporters.JUnitReportReporter -->
<testsuite hostname="TYSS-Akshay" failures="0" tests="1" name="Demo.Demo4" time="0.001" errors="0" timestamp="2022-08-30T15:27:17 IST" skipped="0">
  <testcase classname="Demo.Demo4" name="demo4" time="0.001"/>
  <system-out/>
</testsuite> <!-- Demo.Demo4 -->
