<?xml version="1.0" encoding="UTF-8"?>
<!-- Generated by org.testng.reporters.JUnitReportReporter -->
<testsuite hostname="TYSS-Akshay" failures="0" tests="1" name="Demo.Demo1test" time="0.019" errors="0" timestamp="2022-09-02T17:42:56 IST" skipped="0">
  <testcase classname="Demo.Demo1test" name="demo" time="0.019"/>
  <system-out/>
</testsuite> <!-- Demo.Demo1test -->
