<?xml version="1.0" encoding="UTF-8"?>
<!-- Generated by org.testng.reporters.JUnitReportReporter -->
<testsuite hostname="TYSS-Akshay" failures="0" tests="1" name="Demo.Demo2" time="0.009" errors="0" timestamp="2022-08-30T10:45:48 IST" skipped="0">
  <testcase classname="Demo.Demo2" name="demo2" time="0.009"/>
  <system-out/>
</testsuite> <!-- Demo.Demo2 -->
