<?xml version="1.0" encoding="UTF-8"?>
<!-- Generated by org.testng.reporters.JUnitReportReporter -->
<testsuite hostname="TYSS-Akshay" failures="0" tests="1" name="Demo.Demo5" time="0.006" errors="0" timestamp="2022-08-30T16:14:38 IST" skipped="0">
  <testcase classname="Demo.Demo5" name="demo5" time="0.006"/>
  <system-out/>
</testsuite> <!-- Demo.Demo5 -->
