<?xml version="1.0" encoding="UTF-8"?>
<!-- Generated by org.testng.reporters.JUnitReportReporter -->
<testsuite hostname="TYSS-Akshay" failures="0" tests="1" name="Demo.Demo3" time="0.006" errors="0" timestamp="2022-08-30T12:33:03 IST" skipped="0">
  <testcase classname="Demo.Demo3" name="demo3" time="0.006"/>
  <system-out/>
</testsuite> <!-- Demo.Demo3 -->
