<?xml version="1.0" encoding="UTF-8"?>
<!-- Generated by org.testng.reporters.JUnitReportReporter -->
<testsuite hostname="TYSS-Akshay" failures="0" tests="1" name="Demo.Demo3test" time="0.002" errors="0" timestamp="2022-09-02T17:42:56 IST" skipped="0">
  <testcase classname="Demo.Demo3test" name="demo3" time="0.002"/>
  <system-out/>
</testsuite> <!-- Demo.Demo3test -->
