<?xml version="1.0" encoding="UTF-8"?>
<!-- Generated by org.testng.reporters.JUnitReportReporter -->
<testsuite hostname="TYSS-Akshay" failures="0" tests="1" name="Demo.Demo1test" time="0.012" errors="0" timestamp="2022-09-05T10:53:45 IST" skipped="0">
  <testcase classname="Demo.Demo1test" name="demo" time="0.012"/>
  <system-out/>
</testsuite> <!-- Demo.Demo1test -->
