<?xml version="1.0" encoding="UTF-8"?>
<!-- Generated by org.testng.reporters.JUnitReportReporter -->
<testsuite hostname="TYSS-Akshay" failures="0" tests="1" name="Demo.Demo4test" time="0.003" errors="0" timestamp="2022-09-02T17:42:56 IST" skipped="0">
  <testcase classname="Demo.Demo4test" name="demo4" time="0.003"/>
  <system-out/>
</testsuite> <!-- Demo.Demo4test -->
